#2017-06-09

##Devices
1 x Olimex Development Board
1 x Pi Zero W
1 x ..

##Who is who

###Florian Schrofner
who are you? why studying mobile computing?
florian, from salzburg, did my bachelors here
started mobile computing as world is becoming more mobile and its becoming more and more important topic
(chose to do masters as it offers a lot of additional hands-on experience and a open curriculum)

what do you expect from h&b?
a lot of tinkering with the raspberry
cool setups that you can try at home
new linux skills

if you were a team of 4 persons what would you bring to the table?
experienced linux user, using linux since i started my bachelors
not too much experience with sensors

###Christian Altenhofer
#Who are you, why are you studying Mobile Computing?

	*Chris, Bachelors Degree in Mobile Computing in Hagenberg.
	*I started the master because i think mobile stuff is the 
	future and i like working on mobile devices.

#What do you expect from H&B Automation?

	*I expect some hands-on on some hardware and technologies we need in our homes and future homes.
	*Maybe some stuff we can use at home as well.

#Strength and weaknesses!

	*i currently work as part time android dev. im good at programming and working 
	in a team, using version control systems.
	*not so good at dokumentation
	*not good at linux